<?xml version="1.0" encoding="UTF-8"?>
<!-- Generated by org.testng.reporters.JUnitReportReporter -->
<testsuite hostname="DESKTOP-KIS4N2E" failures="0" tests="2" name="coverFoxTest.CoverFoxTC1" time="8.229" errors="0" timestamp="2024-08-11T07:17:08 IST" skipped="0">
  <testcase classname="coverFoxTest.CoverFoxTC1" name="validateBanners" time="4.148">
    <system-out>
      <![CDATA[validateBanners TC execution started
getting getPlanNumersFromBanners
getting getPlanNumersFromString]]>
    </system-out>
  </testcase> <!-- validateBanners -->
  <testcase classname="coverFoxTest.CoverFoxTC1" name="validatePresenceOfSortButton" time="4.081">
    <system-out>
      <![CDATA[validatePresenceOfSortButton TC execution started
cehcking if sortPlanFilterIsDisplayed ]]>
    </system-out>
  </testcase> <!-- validatePresenceOfSortButton -->
  <system-out>
    <![CDATA[launching browser
waiting...
Clicking on gender button
clicking on next button
handeling dropdown
clicking on next button
entering pin code
entering mobile Number
clicking on next button
validateBanners TC execution started
getting getPlanNumersFromBanners
getting getPlanNumersFromString
validatePresenceOfSortButton TC execution started
cehcking if sortPlanFilterIsDisplayed 
closing browser]]>
  </system-out>
</testsuite> <!-- coverFoxTest.CoverFoxTC1 -->
